[2023-09-07 14:51:24] local.ERROR: SQLSTATE[HY000] [1045] Access denied for user 'root'@'localhost' (using password: NO) (Connection: mysql, SQL: select * from `master_settings`) {"exception":"[object] (Illuminate\\Database\\QueryException(code: 1045): SQLSTATE[HY000] [1045] Access denied for user 'root'@'localhost' (using password: NO) (Connection: mysql, SQL: select * from `master_settings`) at /home/u932256864/domains/b2bdigitize.com/public_html/bars/vendor/laravel/framework/src/Illuminate/Database/Connection.php:801)
[stacktrace]
#0 /home/u932256864/domains/b2bdigitize.com/public_html/bars/vendor/laravel/framework/src/Illuminate/Database/Connection.php(755): Illuminate\\Database\\Connection->runQueryCallback()
#1 /home/u932256864/domains/b2bdigitize.com/public_html/bars/vendor/laravel/framework/src/Illuminate/Database/Connection.php(407): Illuminate\\Database\\Connection->run()
#2 /home/u932256864/domains/b2bdigitize.com/public_html/bars/vendor/laravel/framework/src/Illuminate/Database/Query/Builder.php(2751): Illuminate\\Database\\Connection->select()
#3 /home/u932256864/domains/b2bdigitize.com/public_html/bars/vendor/laravel/framework/src/Illuminate/Database/Query/Builder.php(2740): Illuminate\\Database\\Query\\Builder->runSelect()
#4 /home/u932256864/domains/b2bdigitize.com/public_html/bars/vendor/laravel/framework/src/Illuminate/Database/Query/Builder.php(3294): Illuminate\\Database\\Query\\Builder->Illuminate\\Database\\Query\\{closure}()
#5 /home/u932256864/domains/b2bdigitize.com/public_html/bars/vendor/laravel/framework/src/Illuminate/Database/Query/Builder.php(2739): Illuminate\\Database\\Query\\Builder->onceWithColumns()
#6 /home/u932256864/domains/b2bdigitize.com/public_html/bars/vendor/laravel/framework/src/Illuminate/Database/Eloquent/Builder.php(735): Illuminate\\Database\\Query\\Builder->get()
#7 /home/u932256864/domains/b2bdigitize.com/public_html/bars/vendor/laravel/framework/src/Illuminate/Database/Eloquent/Builder.php(719): Illuminate\\Database\\Eloquent\\Builder->getModels()
#8 /home/u932256864/domains/b2bdigitize.com/public_html/bars/vendor/laravel/framework/src/Illuminate/Support/Traits/ForwardsCalls.php(23): Illuminate\\Database\\Eloquent\\Builder->get()
#9 /home/u932256864/domains/b2bdigitize.com/public_html/bars/vendor/laravel/framework/src/Illuminate/Database/Eloquent/Model.php(2333): Illuminate\\Database\\Eloquent\\Model->forwardCallTo()
#10 /home/u932256864/domains/b2bdigitize.com/public_html/bars/app/Models/MasterSetting.php(18): Illuminate\\Database\\Eloquent\\Model->__call()
#11 /home/u932256864/domains/b2bdigitize.com/public_html/bars/app/Providers/AppServiceProvider.php(33): App\\Models\\MasterSetting->siteData()
#12 /home/u932256864/domains/b2bdigitize.com/public_html/bars/vendor/laravel/framework/src/Illuminate/Container/BoundMethod.php(36): App\\Providers\\AppServiceProvider->boot()
#13 /home/u932256864/domains/b2bdigitize.com/public_html/bars/vendor/laravel/framework/src/Illuminate/Container/Util.php(41): Illuminate\\Container\\BoundMethod::Illuminate\\Container\\{closure}()
#14 /home/u932256864/domains/b2bdigitize.com/public_html/bars/vendor/laravel/framework/src/Illuminate/Container/BoundMethod.php(93): Illuminate\\Container\\Util::unwrapIfClosure()
#15 /home/u932256864/domains/b2bdigitize.com/public_html/bars/vendor/laravel/framework/src/Illuminate/Container/BoundMethod.php(35): Illuminate\\Container\\BoundMethod::callBoundMethod()
#16 /home/u932256864/domains/b2bdigitize.com/public_html/bars/vendor/laravel/framework/src/Illuminate/Container/Container.php(662): Illuminate\\Container\\BoundMethod::call()
#17 /home/u932256864/domains/b2bdigitize.com/public_html/bars/vendor/laravel/framework/src/Illuminate/Foundation/Application.php(1010): Illuminate\\Container\\Container->call()
#18 /home/u932256864/domains/b2bdigitize.com/public_html/bars/vendor/laravel/framework/src/Illuminate/Foundation/Application.php(991): Illuminate\\Foundation\\Application->bootProvider()
#19 [internal function]: Illuminate\\Foundation\\Application->Illuminate\\Foundation\\{closure}()
#20 /home/u932256864/domains/b2bdigitize.com/public_html/bars/vendor/laravel/framework/src/Illuminate/Foundation/Application.php(990): array_walk()
#21 /home/u932256864/domains/b2bdigitize.com/public_html/bars/vendor/laravel/framework/src/Illuminate/Foundation/Bootstrap/BootProviders.php(17): Illuminate\\Foundation\\Application->boot()
#22 /home/u932256864/domains/b2bdigitize.com/public_html/bars/vendor/laravel/framework/src/Illuminate/Foundation/Application.php(261): Illuminate\\Foundation\\Bootstrap\\BootProviders->bootstrap()
#23 /home/u932256864/domains/b2bdigitize.com/public_html/bars/vendor/laravel/framework/src/Illuminate/Foundation/Http/Kernel.php(186): Illuminate\\Foundation\\Application->bootstrapWith()
#24 /home/u932256864/domains/b2bdigitize.com/public_html/bars/vendor/laravel/framework/src/Illuminate/Foundation/Http/Kernel.php(170): Illuminate\\Foundation\\Http\\Kernel->bootstrap()
#25 /home/u932256864/domains/b2bdigitize.com/public_html/bars/vendor/laravel/framework/src/Illuminate/Foundation/Http/Kernel.php(144): Illuminate\\Foundation\\Http\\Kernel->sendRequestThroughRouter()
#26 /home/u932256864/domains/b2bdigitize.com/public_html/bars/public/index.php(51): Illuminate\\Foundation\\Http\\Kernel->handle()
#27 {main}

[previous exception] [object] (PDOException(code: 1045): SQLSTATE[HY000] [1045] Access denied for user 'root'@'localhost' (using password: NO) at /home/u932256864/domains/b2bdigitize.com/public_html/bars/vendor/laravel/framework/src/Illuminate/Database/Connectors/Connector.php:65)
[stacktrace]
#0 /home/u932256864/domains/b2bdigitize.com/public_html/bars/vendor/laravel/framework/src/Illuminate/Database/Connectors/Connector.php(65): PDO->__construct()
#1 /home/u932256864/domains/b2bdigitize.com/public_html/bars/vendor/laravel/framework/src/Illuminate/Database/Connectors/Connector.php(44): Illuminate\\Database\\Connectors\\Connector->createPdoConnection()
#2 /home/u932256864/domains/b2bdigitize.com/public_html/bars/vendor/laravel/framework/src/Illuminate/Database/Connectors/MySqlConnector.php(24): Illuminate\\Database\\Connectors\\Connector->createConnection()
#3 /home/u932256864/domains/b2bdigitize.com/public_html/bars/vendor/laravel/framework/src/Illuminate/Database/Connectors/ConnectionFactory.php(184): Illuminate\\Database\\Connectors\\MySqlConnector->connect()
#4 [internal function]: Illuminate\\Database\\Connectors\\ConnectionFactory->Illuminate\\Database\\Connectors\\{closure}()
#5 /home/u932256864/domains/b2bdigitize.com/public_html/bars/vendor/laravel/framework/src/Illuminate/Database/Connection.php(1292): call_user_func()
#6 /home/u932256864/domains/b2bdigitize.com/public_html/bars/vendor/laravel/framework/src/Illuminate/Database/Connection.php(1328): Illuminate\\Database\\Connection->getPdo()
#7 /home/u932256864/domains/b2bdigitize.com/public_html/bars/vendor/laravel/framework/src/Illuminate/Database/Connection.php(521): Illuminate\\Database\\Connection->getReadPdo()
#8 /home/u932256864/domains/b2bdigitize.com/public_html/bars/vendor/laravel/framework/src/Illuminate/Database/Connection.php(416): Illuminate\\Database\\Connection->getPdoForSelect()
#9 /home/u932256864/domains/b2bdigitize.com/public_html/bars/vendor/laravel/framework/src/Illuminate/Database/Connection.php(788): Illuminate\\Database\\Connection->Illuminate\\Database\\{closure}()
#10 /home/u932256864/domains/b2bdigitize.com/public_html/bars/vendor/laravel/framework/src/Illuminate/Database/Connection.php(755): Illuminate\\Database\\Connection->runQueryCallback()
#11 /home/u932256864/domains/b2bdigitize.com/public_html/bars/vendor/laravel/framework/src/Illuminate/Database/Connection.php(407): Illuminate\\Database\\Connection->run()
#12 /home/u932256864/domains/b2bdigitize.com/public_html/bars/vendor/laravel/framework/src/Illuminate/Database/Query/Builder.php(2751): Illuminate\\Database\\Connection->select()
#13 /home/u932256864/domains/b2bdigitize.com/public_html/bars/vendor/laravel/framework/src/Illuminate/Database/Query/Builder.php(2740): Illuminate\\Database\\Query\\Builder->runSelect()
#14 /home/u932256864/domains/b2bdigitize.com/public_html/bars/vendor/laravel/framework/src/Illuminate/Database/Query/Builder.php(3294): Illuminate\\Database\\Query\\Builder->Illuminate\\Database\\Query\\{closure}()
#15 /home/u932256864/domains/b2bdigitize.com/public_html/bars/vendor/laravel/framework/src/Illuminate/Database/Query/Builder.php(2739): Illuminate\\Database\\Query\\Builder->onceWithColumns()
#16 /home/u932256864/domains/b2bdigitize.com/public_html/bars/vendor/laravel/framework/src/Illuminate/Database/Eloquent/Builder.php(735): Illuminate\\Database\\Query\\Builder->get()
#17 /home/u932256864/domains/b2bdigitize.com/public_html/bars/vendor/laravel/framework/src/Illuminate/Database/Eloquent/Builder.php(719): Illuminate\\Database\\Eloquent\\Builder->getModels()
#18 /home/u932256864/domains/b2bdigitize.com/public_html/bars/vendor/laravel/framework/src/Illuminate/Support/Traits/ForwardsCalls.php(23): Illuminate\\Database\\Eloquent\\Builder->get()
#19 /home/u932256864/domains/b2bdigitize.com/public_html/bars/vendor/laravel/framework/src/Illuminate/Database/Eloquent/Model.php(2333): Illuminate\\Database\\Eloquent\\Model->forwardCallTo()
#20 /home/u932256864/domains/b2bdigitize.com/public_html/bars/app/Models/MasterSetting.php(18): Illuminate\\Database\\Eloquent\\Model->__call()
#21 /home/u932256864/domains/b2bdigitize.com/public_html/bars/app/Providers/AppServiceProvider.php(33): App\\Models\\MasterSetting->siteData()
#22 /home/u932256864/domains/b2bdigitize.com/public_html/bars/vendor/laravel/framework/src/Illuminate/Container/BoundMethod.php(36): App\\Providers\\AppServiceProvider->boot()
#23 /home/u932256864/domains/b2bdigitize.com/public_html/bars/vendor/laravel/framework/src/Illuminate/Container/Util.php(41): Illuminate\\Container\\BoundMethod::Illuminate\\Container\\{closure}()
#24 /home/u932256864/domains/b2bdigitize.com/public_html/bars/vendor/laravel/framework/src/Illuminate/Container/BoundMethod.php(93): Illuminate\\Container\\Util::unwrapIfClosure()
#25 /home/u932256864/domains/b2bdigitize.com/public_html/bars/vendor/laravel/framework/src/Illuminate/Container/BoundMethod.php(35): Illuminate\\Container\\BoundMethod::callBoundMethod()
#26 /home/u932256864/domains/b2bdigitize.com/public_html/bars/vendor/laravel/framework/src/Illuminate/Container/Container.php(662): Illuminate\\Container\\BoundMethod::call()
#27 /home/u932256864/domains/b2bdigitize.com/public_html/bars/vendor/laravel/framework/src/Illuminate/Foundation/Application.php(1010): Illuminate\\Container\\Container->call()
#28 /home/u932256864/domains/b2bdigitize.com/public_html/bars/vendor/laravel/framework/src/Illuminate/Foundation/Application.php(991): Illuminate\\Foundation\\Application->bootProvider()
#29 [internal function]: Illuminate\\Foundation\\Application->Illuminate\\Foundation\\{closure}()
#30 /home/u932256864/domains/b2bdigitize.com/public_html/bars/vendor/laravel/framework/src/Illuminate/Foundation/Application.php(990): array_walk()
#31 /home/u932256864/domains/b2bdigitize.com/public_html/bars/vendor/laravel/framework/src/Illuminate/Foundation/Bootstrap/BootProviders.php(17): Illuminate\\Foundation\\Application->boot()
#32 /home/u932256864/domains/b2bdigitize.com/public_html/bars/vendor/laravel/framework/src/Illuminate/Foundation/Application.php(261): Illuminate\\Foundation\\Bootstrap\\BootProviders->bootstrap()
#33 /home/u932256864/domains/b2bdigitize.com/public_html/bars/vendor/laravel/framework/src/Illuminate/Foundation/Http/Kernel.php(186): Illuminate\\Foundation\\Application->bootstrapWith()
#34 /home/u932256864/domains/b2bdigitize.com/public_html/bars/vendor/laravel/framework/src/Illuminate/Foundation/Http/Kernel.php(170): Illuminate\\Foundation\\Http\\Kernel->bootstrap()
#35 /home/u932256864/domains/b2bdigitize.com/public_html/bars/vendor/laravel/framework/src/Illuminate/Foundation/Http/Kernel.php(144): Illuminate\\Foundation\\Http\\Kernel->sendRequestThroughRouter()
#36 /home/u932256864/domains/b2bdigitize.com/public_html/bars/public/index.php(51): Illuminate\\Foundation\\Http\\Kernel->handle()
#37 {main}
"} 
[2023-09-07 14:53:29] local.ERROR: SQLSTATE[HY000] [1045] Access denied for user 'root'@'localhost' (using password: NO) (Connection: mysql, SQL: select * from `master_settings`) {"exception":"[object] (Illuminate\\Database\\QueryException(code: 1045): SQLSTATE[HY000] [1045] Access denied for user 'root'@'localhost' (using password: NO) (Connection: mysql, SQL: select * from `master_settings`) at /home/u932256864/domains/b2bdigitize.com/public_html/bars/vendor/laravel/framework/src/Illuminate/Database/Connection.php:801)
[stacktrace]
#0 /home/u932256864/domains/b2bdigitize.com/public_html/bars/vendor/laravel/framework/src/Illuminate/Database/Connection.php(755): Illuminate\\Database\\Connection->runQueryCallback()
#1 /home/u932256864/domains/b2bdigitize.com/public_html/bars/vendor/laravel/framework/src/Illuminate/Database/Connection.php(407): Illuminate\\Database\\Connection->run()
#2 /home/u932256864/domains/b2bdigitize.com/public_html/bars/vendor/laravel/framework/src/Illuminate/Database/Query/Builder.php(2751): Illuminate\\Database\\Connection->select()
#3 /home/u932256864/domains/b2bdigitize.com/public_html/bars/vendor/laravel/framework/src/Illuminate/Database/Query/Builder.php(2740): Illuminate\\Database\\Query\\Builder->runSelect()
#4 /home/u932256864/domains/b2bdigitize.com/public_html/bars/vendor/laravel/framework/src/Illuminate/Database/Query/Builder.php(3294): Illuminate\\Database\\Query\\Builder->Illuminate\\Database\\Query\\{closure}()
#5 /home/u932256864/domains/b2bdigitize.com/public_html/bars/vendor/laravel/framework/src/Illuminate/Database/Query/Builder.php(2739): Illuminate\\Database\\Query\\Builder->onceWithColumns()
#6 /home/u932256864/domains/b2bdigitize.com/public_html/bars/vendor/laravel/framework/src/Illuminate/Database/Eloquent/Builder.php(735): Illuminate\\Database\\Query\\Builder->get()
#7 /home/u932256864/domains/b2bdigitize.com/public_html/bars/vendor/laravel/framework/src/Illuminate/Database/Eloquent/Builder.php(719): Illuminate\\Database\\Eloquent\\Builder->getModels()
#8 /home/u932256864/domains/b2bdigitize.com/public_html/bars/vendor/laravel/framework/src/Illuminate/Support/Traits/ForwardsCalls.php(23): Illuminate\\Database\\Eloquent\\Builder->get()
#9 /home/u932256864/domains/b2bdigitize.com/public_html/bars/vendor/laravel/framework/src/Illuminate/Database/Eloquent/Model.php(2333): Illuminate\\Database\\Eloquent\\Model->forwardCallTo()
#10 /home/u932256864/domains/b2bdigitize.com/public_html/bars/app/Models/MasterSetting.php(18): Illuminate\\Database\\Eloquent\\Model->__call()
#11 /home/u932256864/domains/b2bdigitize.com/public_html/bars/app/Providers/AppServiceProvider.php(33): App\\Models\\MasterSetting->siteData()
#12 /home/u932256864/domains/b2bdigitize.com/public_html/bars/vendor/laravel/framework/src/Illuminate/Container/BoundMethod.php(36): App\\Providers\\AppServiceProvider->boot()
#13 /home/u932256864/domains/b2bdigitize.com/public_html/bars/vendor/laravel/framework/src/Illuminate/Container/Util.php(41): Illuminate\\Container\\BoundMethod::Illuminate\\Container\\{closure}()
#14 /home/u932256864/domains/b2bdigitize.com/public_html/bars/vendor/laravel/framework/src/Illuminate/Container/BoundMethod.php(93): Illuminate\\Container\\Util::unwrapIfClosure()
#15 /home/u932256864/domains/b2bdigitize.com/public_html/bars/vendor/laravel/framework/src/Illuminate/Container/BoundMethod.php(35): Illuminate\\Container\\BoundMethod::callBoundMethod()
#16 /home/u932256864/domains/b2bdigitize.com/public_html/bars/vendor/laravel/framework/src/Illuminate/Container/Container.php(662): Illuminate\\Container\\BoundMethod::call()
#17 /home/u932256864/domains/b2bdigitize.com/public_html/bars/vendor/laravel/framework/src/Illuminate/Foundation/Application.php(1010): Illuminate\\Container\\Container->call()
#18 /home/u932256864/domains/b2bdigitize.com/public_html/bars/vendor/laravel/framework/src/Illuminate/Foundation/Application.php(991): Illuminate\\Foundation\\Application->bootProvider()
#19 [internal function]: Illuminate\\Foundation\\Application->Illuminate\\Foundation\\{closure}()
#20 /home/u932256864/domains/b2bdigitize.com/public_html/bars/vendor/laravel/framework/src/Illuminate/Foundation/Application.php(990): array_walk()
#21 /home/u932256864/domains/b2bdigitize.com/public_html/bars/vendor/laravel/framework/src/Illuminate/Foundation/Bootstrap/BootProviders.php(17): Illuminate\\Foundation\\Application->boot()
#22 /home/u932256864/domains/b2bdigitize.com/public_html/bars/vendor/laravel/framework/src/Illuminate/Foundation/Application.php(261): Illuminate\\Foundation\\Bootstrap\\BootProviders->bootstrap()
#23 /home/u932256864/domains/b2bdigitize.com/public_html/bars/vendor/laravel/framework/src/Illuminate/Foundation/Http/Kernel.php(186): Illuminate\\Foundation\\Application->bootstrapWith()
#24 /home/u932256864/domains/b2bdigitize.com/public_html/bars/vendor/laravel/framework/src/Illuminate/Foundation/Http/Kernel.php(170): Illuminate\\Foundation\\Http\\Kernel->bootstrap()
#25 /home/u932256864/domains/b2bdigitize.com/public_html/bars/vendor/laravel/framework/src/Illuminate/Foundation/Http/Kernel.php(144): Illuminate\\Foundation\\Http\\Kernel->sendRequestThroughRouter()
#26 /home/u932256864/domains/b2bdigitize.com/public_html/bars/public/index.php(51): Illuminate\\Foundation\\Http\\Kernel->handle()
#27 {main}

[previous exception] [object] (PDOException(code: 1045): SQLSTATE[HY000] [1045] Access denied for user 'root'@'localhost' (using password: NO) at /home/u932256864/domains/b2bdigitize.com/public_html/bars/vendor/laravel/framework/src/Illuminate/Database/Connectors/Connector.php:65)
[stacktrace]
#0 /home/u932256864/domains/b2bdigitize.com/public_html/bars/vendor/laravel/framework/src/Illuminate/Database/Connectors/Connector.php(65): PDO->__construct()
#1 /home/u932256864/domains/b2bdigitize.com/public_html/bars/vendor/laravel/framework/src/Illuminate/Database/Connectors/Connector.php(44): Illuminate\\Database\\Connectors\\Connector->createPdoConnection()
#2 /home/u932256864/domains/b2bdigitize.com/public_html/bars/vendor/laravel/framework/src/Illuminate/Database/Connectors/MySqlConnector.php(24): Illuminate\\Database\\Connectors\\Connector->createConnection()
#3 /home/u932256864/domains/b2bdigitize.com/public_html/bars/vendor/laravel/framework/src/Illuminate/Database/Connectors/ConnectionFactory.php(184): Illuminate\\Database\\Connectors\\MySqlConnector->connect()
#4 [internal function]: Illuminate\\Database\\Connectors\\ConnectionFactory->Illuminate\\Database\\Connectors\\{closure}()
#5 /home/u932256864/domains/b2bdigitize.com/public_html/bars/vendor/laravel/framework/src/Illuminate/Database/Connection.php(1292): call_user_func()
#6 /home/u932256864/domains/b2bdigitize.com/public_html/bars/vendor/laravel/framework/src/Illuminate/Database/Connection.php(1328): Illuminate\\Database\\Connection->getPdo()
#7 /home/u932256864/domains/b2bdigitize.com/public_html/bars/vendor/laravel/framework/src/Illuminate/Database/Connection.php(521): Illuminate\\Database\\Connection->getReadPdo()
#8 /home/u932256864/domains/b2bdigitize.com/public_html/bars/vendor/laravel/framework/src/Illuminate/Database/Connection.php(416): Illuminate\\Database\\Connection->getPdoForSelect()
#9 /home/u932256864/domains/b2bdigitize.com/public_html/bars/vendor/laravel/framework/src/Illuminate/Database/Connection.php(788): Illuminate\\Database\\Connection->Illuminate\\Database\\{closure}()
#10 /home/u932256864/domains/b2bdigitize.com/public_html/bars/vendor/laravel/framework/src/Illuminate/Database/Connection.php(755): Illuminate\\Database\\Connection->runQueryCallback()
#11 /home/u932256864/domains/b2bdigitize.com/public_html/bars/vendor/laravel/framework/src/Illuminate/Database/Connection.php(407): Illuminate\\Database\\Connection->run()
#12 /home/u932256864/domains/b2bdigitize.com/public_html/bars/vendor/laravel/framework/src/Illuminate/Database/Query/Builder.php(2751): Illuminate\\Database\\Connection->select()
#13 /home/u932256864/domains/b2bdigitize.com/public_html/bars/vendor/laravel/framework/src/Illuminate/Database/Query/Builder.php(2740): Illuminate\\Database\\Query\\Builder->runSelect()
#14 /home/u932256864/domains/b2bdigitize.com/public_html/bars/vendor/laravel/framework/src/Illuminate/Database/Query/Builder.php(3294): Illuminate\\Database\\Query\\Builder->Illuminate\\Database\\Query\\{closure}()
#15 /home/u932256864/domains/b2bdigitize.com/public_html/bars/vendor/laravel/framework/src/Illuminate/Database/Query/Builder.php(2739): Illuminate\\Database\\Query\\Builder->onceWithColumns()
#16 /home/u932256864/domains/b2bdigitize.com/public_html/bars/vendor/laravel/framework/src/Illuminate/Database/Eloquent/Builder.php(735): Illuminate\\Database\\Query\\Builder->get()
#17 /home/u932256864/domains/b2bdigitize.com/public_html/bars/vendor/laravel/framework/src/Illuminate/Database/Eloquent/Builder.php(719): Illuminate\\Database\\Eloquent\\Builder->getModels()
#18 /home/u932256864/domains/b2bdigitize.com/public_html/bars/vendor/laravel/framework/src/Illuminate/Support/Traits/ForwardsCalls.php(23): Illuminate\\Database\\Eloquent\\Builder->get()
#19 /home/u932256864/domains/b2bdigitize.com/public_html/bars/vendor/laravel/framework/src/Illuminate/Database/Eloquent/Model.php(2333): Illuminate\\Database\\Eloquent\\Model->forwardCallTo()
#20 /home/u932256864/domains/b2bdigitize.com/public_html/bars/app/Models/MasterSetting.php(18): Illuminate\\Database\\Eloquent\\Model->__call()
#21 /home/u932256864/domains/b2bdigitize.com/public_html/bars/app/Providers/AppServiceProvider.php(33): App\\Models\\MasterSetting->siteData()
#22 /home/u932256864/domains/b2bdigitize.com/public_html/bars/vendor/laravel/framework/src/Illuminate/Container/BoundMethod.php(36): App\\Providers\\AppServiceProvider->boot()
#23 /home/u932256864/domains/b2bdigitize.com/public_html/bars/vendor/laravel/framework/src/Illuminate/Container/Util.php(41): Illuminate\\Container\\BoundMethod::Illuminate\\Container\\{closure}()
#24 /home/u932256864/domains/b2bdigitize.com/public_html/bars/vendor/laravel/framework/src/Illuminate/Container/BoundMethod.php(93): Illuminate\\Container\\Util::unwrapIfClosure()
#25 /home/u932256864/domains/b2bdigitize.com/public_html/bars/vendor/laravel/framework/src/Illuminate/Container/BoundMethod.php(35): Illuminate\\Container\\BoundMethod::callBoundMethod()
#26 /home/u932256864/domains/b2bdigitize.com/public_html/bars/vendor/laravel/framework/src/Illuminate/Container/Container.php(662): Illuminate\\Container\\BoundMethod::call()
#27 /home/u932256864/domains/b2bdigitize.com/public_html/bars/vendor/laravel/framework/src/Illuminate/Foundation/Application.php(1010): Illuminate\\Container\\Container->call()
#28 /home/u932256864/domains/b2bdigitize.com/public_html/bars/vendor/laravel/framework/src/Illuminate/Foundation/Application.php(991): Illuminate\\Foundation\\Application->bootProvider()
#29 [internal function]: Illuminate\\Foundation\\Application->Illuminate\\Foundation\\{closure}()
#30 /home/u932256864/domains/b2bdigitize.com/public_html/bars/vendor/laravel/framework/src/Illuminate/Foundation/Application.php(990): array_walk()
#31 /home/u932256864/domains/b2bdigitize.com/public_html/bars/vendor/laravel/framework/src/Illuminate/Foundation/Bootstrap/BootProviders.php(17): Illuminate\\Foundation\\Application->boot()
#32 /home/u932256864/domains/b2bdigitize.com/public_html/bars/vendor/laravel/framework/src/Illuminate/Foundation/Application.php(261): Illuminate\\Foundation\\Bootstrap\\BootProviders->bootstrap()
#33 /home/u932256864/domains/b2bdigitize.com/public_html/bars/vendor/laravel/framework/src/Illuminate/Foundation/Http/Kernel.php(186): Illuminate\\Foundation\\Application->bootstrapWith()
#34 /home/u932256864/domains/b2bdigitize.com/public_html/bars/vendor/laravel/framework/src/Illuminate/Foundation/Http/Kernel.php(170): Illuminate\\Foundation\\Http\\Kernel->bootstrap()
#35 /home/u932256864/domains/b2bdigitize.com/public_html/bars/vendor/laravel/framework/src/Illuminate/Foundation/Http/Kernel.php(144): Illuminate\\Foundation\\Http\\Kernel->sendRequestThroughRouter()
#36 /home/u932256864/domains/b2bdigitize.com/public_html/bars/public/index.php(51): Illuminate\\Foundation\\Http\\Kernel->handle()
#37 {main}
"} 
[2023-09-07 14:54:52] local.ERROR: SQLSTATE[HY000] [1045] Access denied for user 'root'@'localhost' (using password: NO) (Connection: mysql, SQL: select * from `master_settings`) {"exception":"[object] (Illuminate\\Database\\QueryException(code: 1045): SQLSTATE[HY000] [1045] Access denied for user 'root'@'localhost' (using password: NO) (Connection: mysql, SQL: select * from `master_settings`) at /home/u932256864/domains/b2bdigitize.com/public_html/bars/vendor/laravel/framework/src/Illuminate/Database/Connection.php:801)
[stacktrace]
#0 /home/u932256864/domains/b2bdigitize.com/public_html/bars/vendor/laravel/framework/src/Illuminate/Database/Connection.php(755): Illuminate\\Database\\Connection->runQueryCallback()
#1 /home/u932256864/domains/b2bdigitize.com/public_html/bars/vendor/laravel/framework/src/Illuminate/Database/Connection.php(407): Illuminate\\Database\\Connection->run()
#2 /home/u932256864/domains/b2bdigitize.com/public_html/bars/vendor/laravel/framework/src/Illuminate/Database/Query/Builder.php(2751): Illuminate\\Database\\Connection->select()
#3 /home/u932256864/domains/b2bdigitize.com/public_html/bars/vendor/laravel/framework/src/Illuminate/Database/Query/Builder.php(2740): Illuminate\\Database\\Query\\Builder->runSelect()
#4 /home/u932256864/domains/b2bdigitize.com/public_html/bars/vendor/laravel/framework/src/Illuminate/Database/Query/Builder.php(3294): Illuminate\\Database\\Query\\Builder->Illuminate\\Database\\Query\\{closure}()
#5 /home/u932256864/domains/b2bdigitize.com/public_html/bars/vendor/laravel/framework/src/Illuminate/Database/Query/Builder.php(2739): Illuminate\\Database\\Query\\Builder->onceWithColumns()
#6 /home/u932256864/domains/b2bdigitize.com/public_html/bars/vendor/laravel/framework/src/Illuminate/Database/Eloquent/Builder.php(735): Illuminate\\Database\\Query\\Builder->get()
#7 /home/u932256864/domains/b2bdigitize.com/public_html/bars/vendor/laravel/framework/src/Illuminate/Database/Eloquent/Builder.php(719): Illuminate\\Database\\Eloquent\\Builder->getModels()
#8 /home/u932256864/domains/b2bdigitize.com/public_html/bars/vendor/laravel/framework/src/Illuminate/Support/Traits/ForwardsCalls.php(23): Illuminate\\Database\\Eloquent\\Builder->get()
#9 /home/u932256864/domains/b2bdigitize.com/public_html/bars/vendor/laravel/framework/src/Illuminate/Database/Eloquent/Model.php(2333): Illuminate\\Database\\Eloquent\\Model->forwardCallTo()
#10 /home/u932256864/domains/b2bdigitize.com/public_html/bars/app/Models/MasterSetting.php(18): Illuminate\\Database\\Eloquent\\Model->__call()
#11 /home/u932256864/domains/b2bdigitize.com/public_html/bars/app/Providers/AppServiceProvider.php(33): App\\Models\\MasterSetting->siteData()
#12 /home/u932256864/domains/b2bdigitize.com/public_html/bars/vendor/laravel/framework/src/Illuminate/Container/BoundMethod.php(36): App\\Providers\\AppServiceProvider->boot()
#13 /home/u932256864/domains/b2bdigitize.com/public_html/bars/vendor/laravel/framework/src/Illuminate/Container/Util.php(41): Illuminate\\Container\\BoundMethod::Illuminate\\Container\\{closure}()
#14 /home/u932256864/domains/b2bdigitize.com/public_html/bars/vendor/laravel/framework/src/Illuminate/Container/BoundMethod.php(93): Illuminate\\Container\\Util::unwrapIfClosure()
#15 /home/u932256864/domains/b2bdigitize.com/public_html/bars/vendor/laravel/framework/src/Illuminate/Container/BoundMethod.php(35): Illuminate\\Container\\BoundMethod::callBoundMethod()
#16 /home/u932256864/domains/b2bdigitize.com/public_html/bars/vendor/laravel/framework/src/Illuminate/Container/Container.php(662): Illuminate\\Container\\BoundMethod::call()
#17 /home/u932256864/domains/b2bdigitize.com/public_html/bars/vendor/laravel/framework/src/Illuminate/Foundation/Application.php(1010): Illuminate\\Container\\Container->call()
#18 /home/u932256864/domains/b2bdigitize.com/public_html/bars/vendor/laravel/framework/src/Illuminate/Foundation/Application.php(991): Illuminate\\Foundation\\Application->bootProvider()
#19 [internal function]: Illuminate\\Foundation\\Application->Illuminate\\Foundation\\{closure}()
#20 /home/u932256864/domains/b2bdigitize.com/public_html/bars/vendor/laravel/framework/src/Illuminate/Foundation/Application.php(990): array_walk()
#21 /home/u932256864/domains/b2bdigitize.com/public_html/bars/vendor/laravel/framework/src/Illuminate/Foundation/Bootstrap/BootProviders.php(17): Illuminate\\Foundation\\Application->boot()
#22 /home/u932256864/domains/b2bdigitize.com/public_html/bars/vendor/laravel/framework/src/Illuminate/Foundation/Application.php(261): Illuminate\\Foundation\\Bootstrap\\BootProviders->bootstrap()
#23 /home/u932256864/domains/b2bdigitize.com/public_html/bars/vendor/laravel/framework/src/Illuminate/Foundation/Http/Kernel.php(186): Illuminate\\Foundation\\Application->bootstrapWith()
#24 /home/u932256864/domains/b2bdigitize.com/public_html/bars/vendor/laravel/framework/src/Illuminate/Foundation/Http/Kernel.php(170): Illuminate\\Foundation\\Http\\Kernel->bootstrap()
#25 /home/u932256864/domains/b2bdigitize.com/public_html/bars/vendor/laravel/framework/src/Illuminate/Foundation/Http/Kernel.php(144): Illuminate\\Foundation\\Http\\Kernel->sendRequestThroughRouter()
#26 /home/u932256864/domains/b2bdigitize.com/public_html/bars/public/index.php(51): Illuminate\\Foundation\\Http\\Kernel->handle()
#27 {main}

[previous exception] [object] (PDOException(code: 1045): SQLSTATE[HY000] [1045] Access denied for user 'root'@'localhost' (using password: NO) at /home/u932256864/domains/b2bdigitize.com/public_html/bars/vendor/laravel/framework/src/Illuminate/Database/Connectors/Connector.php:65)
[stacktrace]
#0 /home/u932256864/domains/b2bdigitize.com/public_html/bars/vendor/laravel/framework/src/Illuminate/Database/Connectors/Connector.php(65): PDO->__construct()
#1 /home/u932256864/domains/b2bdigitize.com/public_html/bars/vendor/laravel/framework/src/Illuminate/Database/Connectors/Connector.php(44): Illuminate\\Database\\Connectors\\Connector->createPdoConnection()
#2 /home/u932256864/domains/b2bdigitize.com/public_html/bars/vendor/laravel/framework/src/Illuminate/Database/Connectors/MySqlConnector.php(24): Illuminate\\Database\\Connectors\\Connector->createConnection()
#3 /home/u932256864/domains/b2bdigitize.com/public_html/bars/vendor/laravel/framework/src/Illuminate/Database/Connectors/ConnectionFactory.php(184): Illuminate\\Database\\Connectors\\MySqlConnector->connect()
#4 [internal function]: Illuminate\\Database\\Connectors\\ConnectionFactory->Illuminate\\Database\\Connectors\\{closure}()
#5 /home/u932256864/domains/b2bdigitize.com/public_html/bars/vendor/laravel/framework/src/Illuminate/Database/Connection.php(1292): call_user_func()
#6 /home/u932256864/domains/b2bdigitize.com/public_html/bars/vendor/laravel/framework/src/Illuminate/Database/Connection.php(1328): Illuminate\\Database\\Connection->getPdo()
#7 /home/u932256864/domains/b2bdigitize.com/public_html/bars/vendor/laravel/framework/src/Illuminate/Database/Connection.php(521): Illuminate\\Database\\Connection->getReadPdo()
#8 /home/u932256864/domains/b2bdigitize.com/public_html/bars/vendor/laravel/framework/src/Illuminate/Database/Connection.php(416): Illuminate\\Database\\Connection->getPdoForSelect()
#9 /home/u932256864/domains/b2bdigitize.com/public_html/bars/vendor/laravel/framework/src/Illuminate/Database/Connection.php(788): Illuminate\\Database\\Connection->Illuminate\\Database\\{closure}()
#10 /home/u932256864/domains/b2bdigitize.com/public_html/bars/vendor/laravel/framework/src/Illuminate/Database/Connection.php(755): Illuminate\\Database\\Connection->runQueryCallback()
#11 /home/u932256864/domains/b2bdigitize.com/public_html/bars/vendor/laravel/framework/src/Illuminate/Database/Connection.php(407): Illuminate\\Database\\Connection->run()
#12 /home/u932256864/domains/b2bdigitize.com/public_html/bars/vendor/laravel/framework/src/Illuminate/Database/Query/Builder.php(2751): Illuminate\\Database\\Connection->select()
#13 /home/u932256864/domains/b2bdigitize.com/public_html/bars/vendor/laravel/framework/src/Illuminate/Database/Query/Builder.php(2740): Illuminate\\Database\\Query\\Builder->runSelect()
#14 /home/u932256864/domains/b2bdigitize.com/public_html/bars/vendor/laravel/framework/src/Illuminate/Database/Query/Builder.php(3294): Illuminate\\Database\\Query\\Builder->Illuminate\\Database\\Query\\{closure}()
#15 /home/u932256864/domains/b2bdigitize.com/public_html/bars/vendor/laravel/framework/src/Illuminate/Database/Query/Builder.php(2739): Illuminate\\Database\\Query\\Builder->onceWithColumns()
#16 /home/u932256864/domains/b2bdigitize.com/public_html/bars/vendor/laravel/framework/src/Illuminate/Database/Eloquent/Builder.php(735): Illuminate\\Database\\Query\\Builder->get()
#17 /home/u932256864/domains/b2bdigitize.com/public_html/bars/vendor/laravel/framework/src/Illuminate/Database/Eloquent/Builder.php(719): Illuminate\\Database\\Eloquent\\Builder->getModels()
#18 /home/u932256864/domains/b2bdigitize.com/public_html/bars/vendor/laravel/framework/src/Illuminate/Support/Traits/ForwardsCalls.php(23): Illuminate\\Database\\Eloquent\\Builder->get()
#19 /home/u932256864/domains/b2bdigitize.com/public_html/bars/vendor/laravel/framework/src/Illuminate/Database/Eloquent/Model.php(2333): Illuminate\\Database\\Eloquent\\Model->forwardCallTo()
#20 /home/u932256864/domains/b2bdigitize.com/public_html/bars/app/Models/MasterSetting.php(18): Illuminate\\Database\\Eloquent\\Model->__call()
#21 /home/u932256864/domains/b2bdigitize.com/public_html/bars/app/Providers/AppServiceProvider.php(33): App\\Models\\MasterSetting->siteData()
#22 /home/u932256864/domains/b2bdigitize.com/public_html/bars/vendor/laravel/framework/src/Illuminate/Container/BoundMethod.php(36): App\\Providers\\AppServiceProvider->boot()
#23 /home/u932256864/domains/b2bdigitize.com/public_html/bars/vendor/laravel/framework/src/Illuminate/Container/Util.php(41): Illuminate\\Container\\BoundMethod::Illuminate\\Container\\{closure}()
#24 /home/u932256864/domains/b2bdigitize.com/public_html/bars/vendor/laravel/framework/src/Illuminate/Container/BoundMethod.php(93): Illuminate\\Container\\Util::unwrapIfClosure()
#25 /home/u932256864/domains/b2bdigitize.com/public_html/bars/vendor/laravel/framework/src/Illuminate/Container/BoundMethod.php(35): Illuminate\\Container\\BoundMethod::callBoundMethod()
#26 /home/u932256864/domains/b2bdigitize.com/public_html/bars/vendor/laravel/framework/src/Illuminate/Container/Container.php(662): Illuminate\\Container\\BoundMethod::call()
#27 /home/u932256864/domains/b2bdigitize.com/public_html/bars/vendor/laravel/framework/src/Illuminate/Foundation/Application.php(1010): Illuminate\\Container\\Container->call()
#28 /home/u932256864/domains/b2bdigitize.com/public_html/bars/vendor/laravel/framework/src/Illuminate/Foundation/Application.php(991): Illuminate\\Foundation\\Application->bootProvider()
#29 [internal function]: Illuminate\\Foundation\\Application->Illuminate\\Foundation\\{closure}()
#30 /home/u932256864/domains/b2bdigitize.com/public_html/bars/vendor/laravel/framework/src/Illuminate/Foundation/Application.php(990): array_walk()
#31 /home/u932256864/domains/b2bdigitize.com/public_html/bars/vendor/laravel/framework/src/Illuminate/Foundation/Bootstrap/BootProviders.php(17): Illuminate\\Foundation\\Application->boot()
#32 /home/u932256864/domains/b2bdigitize.com/public_html/bars/vendor/laravel/framework/src/Illuminate/Foundation/Application.php(261): Illuminate\\Foundation\\Bootstrap\\BootProviders->bootstrap()
#33 /home/u932256864/domains/b2bdigitize.com/public_html/bars/vendor/laravel/framework/src/Illuminate/Foundation/Http/Kernel.php(186): Illuminate\\Foundation\\Application->bootstrapWith()
#34 /home/u932256864/domains/b2bdigitize.com/public_html/bars/vendor/laravel/framework/src/Illuminate/Foundation/Http/Kernel.php(170): Illuminate\\Foundation\\Http\\Kernel->bootstrap()
#35 /home/u932256864/domains/b2bdigitize.com/public_html/bars/vendor/laravel/framework/src/Illuminate/Foundation/Http/Kernel.php(144): Illuminate\\Foundation\\Http\\Kernel->sendRequestThroughRouter()
#36 /home/u932256864/domains/b2bdigitize.com/public_html/bars/public/index.php(51): Illuminate\\Foundation\\Http\\Kernel->handle()
#37 {main}
"} 
